\BOOKMARK [0][-]{chapter*.2}{\376\377\000\315\000n\000d\000i\000c\000e\000\040\000g\000e\000n\000e\000r\000a\000l}{}% 1
\BOOKMARK [0][-]{chapter*.3}{\376\377\000\315\000n\000d\000i\000c\000e\000\040\000d\000e\000\040\000f\000i\000g\000u\000r\000a\000s}{}% 2
\BOOKMARK [0][-]{chapter*.4}{\376\377\000\315\000n\000d\000i\000c\000e\000\040\000d\000e\000\040\000t\000a\000b\000l\000a\000s}{}% 3
\BOOKMARK [0][-]{chapter*.5}{\376\377\000R\000e\000s\000u\000m\000e\000n\000.\000\040\000P\000a\000l\000a\000b\000r\000a\000s\000\040\000c\000l\000a\000v\000e}{}% 4
\BOOKMARK [0][-]{chapter*.7}{\376\377\000A\000b\000s\000t\000r\000a\000c\000t\000.\000\040\000K\000e\000y\000w\000o\000r\000d\000s}{}% 5
\BOOKMARK [0][-]{chapter.1}{\376\377\000I\000n\000t\000r\000o\000d\000u\000c\000t\000i\000o\000n}{}% 6
\BOOKMARK [0][-]{chapter.2}{\376\377\000O\000b\000j\000e\000c\000t\000i\000v\000e\000s}{}% 7
\BOOKMARK [0][-]{chapter.3}{\376\377\000T\000h\000e\000o\000r\000e\000t\000i\000c\000a\000l\000\040\000f\000r\000a\000m\000e\000w\000o\000r\000k}{}% 8
\BOOKMARK [1][-]{section.3.1}{\376\377\000T\000h\000e\000\040\000m\000a\000t\000h\000e\000m\000a\000t\000i\000c\000a\000l\000\040\000m\000o\000d\000e\000l}{chapter.3}% 9
\BOOKMARK [1][-]{section.3.2}{\376\377\000T\000h\000e\000\040\000f\000r\000e\000q\000u\000e\000n\000c\000y\000\040\000f\000a\000c\000t\000o\000r}{chapter.3}% 10
\BOOKMARK [1][-]{section.3.3}{\376\377\000A\000b\000o\000u\000t\000\040\000L\000i\000F\000:\000M\000g\000,\000T\000i}{chapter.3}% 11
\BOOKMARK [0][-]{chapter.4}{\376\377\000S\000i\000m\000u\000l\000a\000t\000i\000o\000n\000s}{}% 12
\BOOKMARK [1][-]{section.4.1}{\376\377\000M\000a\000t\000e\000r\000i\000a\000l\000s\000\040\000u\000s\000e\000d\000\040\000f\000o\000r\000\040\000s\000i\000m\000u\000l\000a\000t\000i\000o\000n\000s}{chapter.4}% 13
\BOOKMARK [1][-]{section.4.2}{\376\377\000S\000i\000m\000u\000l\000a\000t\000i\000o\000n\000s}{chapter.4}% 14
\BOOKMARK [0][-]{chapter.5}{\376\377\000R\000e\000s\000u\000l\000t\000s}{}% 15
\BOOKMARK [1][-]{section.5.1}{\376\377\000I\000r\000r\000a\000d\000i\000a\000t\000i\000o\000n}{chapter.5}% 16
\BOOKMARK [1][-]{section.5.2}{\376\377\000R\000e\000l\000a\000x\000a\000t\000i\000o\000n}{chapter.5}% 17
\BOOKMARK [1][-]{section.5.3}{\376\377\000H\000e\000a\000t\000i\000n\000g}{chapter.5}% 18
\BOOKMARK [0][-]{chapter*.20}{\376\377\000C\000o\000n\000c\000l\000u\000s\000i\000o\000n\000e\000s}{}% 19
\BOOKMARK [0][-]{chapter*.21}{\376\377\000C\000o\000n\000c\000l\000u\000s\000i\000o\000n\000s}{}% 20
\BOOKMARK [0][-]{chapter*.21}{\376\377\000B\000i\000b\000l\000i\000o\000g\000r\000a\000f\000\355\000a}{}% 21
